<?xml version="1.0" encoding="UTF-8"?>
<!-- Generated by org.testng.reporters.JUnitReportReporter -->
<testsuite hostname="priymak-e540" name="demo.StartChrome" tests="1" failures="0" timestamp="13 Jul 2016 15:50:16 GMT" time="42.164" errors="0">
  <testcase name="test1" time="42.164" classname="demo.StartChrome"/>
</testsuite> <!-- demo.StartChrome -->
